#
# There is insufficient memory for the Java Runtime Environment to continue.
# Native memory allocation (mmap) failed to map 53477376 bytes for Failed to commit area from 0x0000000714e00000 to 0x0000000718100000 of length 53477376.
# Possible reasons:
#   The system is out of physical RAM or swap space
#   The process is running with CompressedOops enabled, and the Java Heap may be blocking the growth of the native heap
# Possible solutions:
#   Reduce memory load on the system
#   Increase physical memory or swap space
#   Check if swap backing store is full
#   Decrease Java heap size (-Xmx/-Xms)
#   Decrease number of Java threads
#   Decrease Java thread stack sizes (-Xss)
#   Set larger code cache with -XX:ReservedCodeCacheSize=
#   JVM is running with Zero Based Compressed Oops mode in which the Java heap is
#     placed in the first 32GB address space. The Java Heap base address is the
#     maximum limit for the native heap growth. Please use -XX:HeapBaseMinAddress
#     to set the Java Heap base and to place the Java Heap above 32GB virtual address.
# This output file may be truncated or incomplete.
#
#  Out of Memory Error (./open/src/hotspot/os/windows/os_windows.cpp:3273), pid=14440, tid=10096
#
# JRE version: Java(TM) SE Runtime Environment 18.9 (11.0.12+8) (build 11.0.12+8-LTS-237)
# Java VM: Java HotSpot(TM) 64-Bit Server VM 18.9 (11.0.12+8-LTS-237, mixed mode, tiered, compressed oops, g1 gc, windows-amd64)
# No core dump will be written. Minidumps are not enabled by default on client versions of Windows
#

---------------  S U M M A R Y ------------

Command Line: -javaagent:C:\Program Files\JetBrains\IntelliJ IDEA Community Edition 2022.2.3\lib\idea_rt.jar=50925:C:\Program Files\JetBrains\IntelliJ IDEA Community Edition 2022.2.3\bin -Dfile.encoding=UTF-8 com.ManyToOne_3.ManyToOne3Application

Host: 11th Gen Intel(R) Core(TM) i5-1135G7 @ 2.40GHz, 8 cores, 15G,  Windows 10 , 64 bit Build 19041 (10.0.19041.2364)
Time: Sat Jan 28 00:14:45 2023 Hora est. Pacífico, Sudamérica elapsed time: 4.245759 seconds (0d 0h 0m 4s)

---------------  T H R E A D  ---------------

Current thread (0x000001f376ef9000):  VMThread "VM Thread" [stack: 0x0000008c09700000,0x0000008c09800000] [id=10096]

Stack: [0x0000008c09700000,0x0000008c09800000]
[error occurred during error reporting (printing stack bounds), id 0xc0000005, EXCEPTION_ACCESS_VIOLATION (0xc0000005) at pc=0x000001f35b2810e7]

Native frames: (J=compiled Java code, j=interpreted, Vv=VM code, C=native code)
V  [jvm.dll+0x617d9a]
V  [jvm.dll+0x74eeef]
V  [jvm.dll+0x750599]
V  [jvm.dll+0x750b85]
V  [jvm.dll+0x750b3b]
V  [jvm.dll+0x6175d3]
V  [jvm.dll+0x617998]
C  [ntdll.dll+0xa241f]
C  [ntdll.dll+0x514a4]
C  [ntdll.dll+0xa0f4e]
C  0x000001f35b2810e7

VM_Operation (0x0000008c0aafa470): G1CollectForAllocation, mode: safepoint, requested by thread 0x000001f377f06000


---------------  P R O C E S S  ---------------

Threads class SMR info:
_java_thread_list=0x000001f3785ee430, length=19, elements={
0x000001f352dfa000, 0x000001f376f1d800, 0x000001f376f2a000, 0x000001f376f7e800,
0x000001f376f81800, 0x000001f376f85000, 0x000001f376f87000, 0x000001f376f8b800,
0x000001f376f91000, 0x000001f376634000, 0x000001f37765d000, 0x000001f377e3a800,
0x000001f377f06000, 0x000001f377142000, 0x000001f378235000, 0x000001f37c79f000,
0x000001f37c7a0000, 0x000001f37c79a000, 0x000001f37c7a0800
}

Java Threads: ( => current thread )
  0x000001f352dfa000 JavaThread "main" [_thread_blocked, id=12832, stack(0x0000008c09100000,0x0000008c09200000)]
  0x000001f376f1d800 JavaThread "Reference Handler" daemon [_thread_blocked, id=14416, stack(0x0000008c09800000,0x0000008c09900000)]
  0x000001f376f2a000 JavaThread "Finalizer" daemon [_thread_blocked, id=23832, stack(0x0000008c09900000,0x0000008c09a00000)]
  0x000001f376f7e800 JavaThread "Signal Dispatcher" daemon [_thread_blocked, id=10080, stack(0x0000008c09a00000,0x0000008c09b00000)]
  0x000001f376f81800 JavaThread "Attach Listener" daemon [_thread_blocked, id=7680, stack(0x0000008c09b00000,0x0000008c09c00000)]
  0x000001f376f85000 JavaThread "Service Thread" daemon [_thread_blocked, id=17576, stack(0x0000008c09c00000,0x0000008c09d00000)]
  0x000001f376f87000 JavaThread "C2 CompilerThread0" daemon [_thread_blocked, id=18872, stack(0x0000008c09d00000,0x0000008c09e00000)]
  0x000001f376f8b800 JavaThread "C1 CompilerThread0" daemon [_thread_blocked, id=8412, stack(0x0000008c09e00000,0x0000008c09f00000)]
  0x000001f376f91000 JavaThread "Sweeper thread" daemon [_thread_blocked, id=17988, stack(0x0000008c09f00000,0x0000008c0a000000)]
  0x000001f376634000 JavaThread "Common-Cleaner" daemon [_thread_blocked, id=19596, stack(0x0000008c0a000000,0x0000008c0a100000)]
  0x000001f37765d000 JavaThread "Monitor Ctrl-Break" daemon [_thread_in_native, id=22972, stack(0x0000008c0a200000,0x0000008c0a300000)]
  0x000001f377e3a800 JavaThread "Thread-0" [_thread_blocked, id=22012, stack(0x0000008c0a900000,0x0000008c0aa00000)]
  0x000001f377f06000 JavaThread "restartedMain" [_thread_blocked, id=12516, stack(0x0000008c0aa00000,0x0000008c0ab00000)]
  0x000001f377142000 JavaThread "C2 CompilerThread1" daemon [_thread_blocked, id=3564, stack(0x0000008c0a100000,0x0000008c0a200000)]
  0x000001f378235000 JavaThread "C2 CompilerThread2" daemon [_thread_blocked, id=16936, stack(0x0000008c0ab00000,0x0000008c0ac00000)]
  0x000001f37c79f000 JavaThread "Catalina-utility-1" [_thread_blocked, id=22328, stack(0x0000008c0af00000,0x0000008c0b000000)]
  0x000001f37c7a0000 JavaThread "Catalina-utility-2" [_thread_blocked, id=20308, stack(0x0000008c0b000000,0x0000008c0b100000)]
  0x000001f37c79a000 JavaThread "container-0" [_thread_blocked, id=24116, stack(0x0000008c0b100000,0x0000008c0b200000)]
  0x000001f37c7a0800 JavaThread "mysql-cj-abandoned-connection-cleanup" daemon [_thread_blocked, id=20528, stack(0x0000008c0b200000,0x0000008c0b300000)]

Other Threads:
=>0x000001f376ef9000 VMThread "VM Thread" [stack: 0x0000008c09700000,0x0000008c09800000] [id=10096]
  0x000001f37758f800 WatcherThread [stack: 0x0000008c0a300000,0x0000008c0a400000] [id=1716]
  0x000001f352e0f000 GCTaskThread "GC Thread#0" [stack: 0x0000008c09200000,0x0000008c09300000] [id=8148]
  0x000001f377e23800 GCTaskThread "GC Thread#1" [stack: 0x0000008c0a400000,0x0000008c0a500000] [id=4956]
  0x000001f377e12800 GCTaskThread "GC Thread#2" [stack: 0x0000008c0a500000,0x0000008c0a600000] [id=15532]
  0x000001f377837000 GCTaskThread "GC Thread#3" [stack: 0x0000008c0a600000,0x0000008c0a700000] [id=5596]
  0x000001f377e57800 GCTaskThread "GC Thread#4" [stack: 0x0000008c0a700000,0x0000008c0a800000] [id=18264]
  0x000001f377b00000 GCTaskThread "GC Thread#5" [stack: 0x0000008c0a800000,0x0000008c0a900000] [id=18456]
  0x000001f378720800 GCTaskThread "GC Thread#6" [stack: 0x0000008c0ac00000,0x0000008c0ad00000] [id=23824]
  0x000001f37871f000 GCTaskThread "GC Thread#7" [stack: 0x0000008c0ad00000,0x0000008c0ae00000] [id=7388]
  0x000001f352e6b800 ConcurrentGCThread "G1 Main Marker" [stack: 0x0000008c09300000,0x0000008c09400000] [id=22432]
  0x000001f352e6c800 ConcurrentGCThread "G1 Conc#0" [stack: 0x0000008c09400000,0x0000008c09500000] [id=20552]
  0x000001f37871d000 ConcurrentGCThread "G1 Conc#1" [stack: 0x0000008c0ae00000,0x0000008c0af00000] [id=22884]
  0x000001f37655e000 ConcurrentGCThread "G1 Refine#0" [stack: 0x0000008c09500000,0x0000008c09600000] [id=23808]
  0x000001f376561000 ConcurrentGCThread "G1 Young RemSet Sampling" [stack: 0x0000008c09600000,0x0000008c09700000] [id=6440]

Threads with active compile tasks:
C2 CompilerThread2   4259 3809   !   4       jdk.internal.loader.URLClassPath$JarLoader::getResource (353 bytes)

VM state:at safepoint (normal execution)

VM Mutex/Monitor currently owned by a thread:  ([mutex/lock_event])
[0x000001f352df6600] Threads_lock - owner thread: 0x000001f376ef9000
[0x000001f352df6e70] Heap_lock - owner thread: 0x000001f377f06000

Heap address: 0x0000000705200000, size: 4014 MB, Compressed Oops mode: Zero based, Oop shift amount: 3
Narrow klass base: 0x0000000800000000, Narrow klass shift: 0
Compressed class space size: 1073741824 Address: 0x0000000800000000

Heap:
 garbage-first heap   total 310272K, used 16979K [0x0000000705200000, 0x0000000800000000)
  region size 1024K, 11 young (11264K), 11 survivors (11264K)
 Metaspace       used 45110K, capacity 46399K, committed 46544K, reserved 1089536K
  class space    used 5539K, capacity 6038K, committed 6144K, reserved 1048576K
Heap Regions: E=young(eden), S=young(survivor), O=old, HS=humongous(starts), HC=humongous(continues), CS=collection set, F=free, A=archive, TAMS=top-at-mark-start (previous, next)
|   0|0x0000000705200000, 0x0000000705300000, 0x0000000705300000|100%|HS|  |TAMS 0x0000000705300000, 0x0000000705200000| Complete 
|   1|0x0000000705300000, 0x0000000705400000, 0x0000000705400000|100%| O|  |TAMS 0x0000000705400000, 0x0000000705300000| Untracked 
|   2|0x0000000705400000, 0x0000000705500000, 0x0000000705500000|100%| O|  |TAMS 0x00000007054ed800, 0x0000000705400000| Untracked 
|   3|0x0000000705500000, 0x0000000705600000, 0x0000000705600000|100%| O|  |TAMS 0x0000000705500000, 0x0000000705500000| Untracked 
|   4|0x0000000705600000, 0x0000000705700000, 0x0000000705700000|100%| O|  |TAMS 0x0000000705600000, 0x0000000705600000| Untracked 
|   5|0x0000000705700000, 0x00000007057bdc00, 0x0000000705800000| 74%| O|  |TAMS 0x0000000705700000, 0x0000000705700000| Untracked 
|   6|0x0000000705800000, 0x0000000705800000, 0x0000000705900000|  0%| F|  |TAMS 0x0000000705800000, 0x0000000705800000| Untracked 
|   7|0x0000000705900000, 0x0000000705900000, 0x0000000705a00000|  0%| F|  |TAMS 0x0000000705900000, 0x0000000705900000| Untracked 
|   8|0x0000000705a00000, 0x0000000705a00000, 0x0000000705b00000|  0%| F|  |TAMS 0x0000000705a00000, 0x0000000705a00000| Untracked 
|   9|0x0000000705b00000, 0x0000000705b00000, 0x0000000705c00000|  0%| F|  |TAMS 0x0000000705b00000, 0x0000000705b00000| Untracked 
|  10|0x0000000705c00000, 0x0000000705c00000, 0x0000000705d00000|  0%| F|  |TAMS 0x0000000705c00000, 0x0000000705c00000| Untracked 
|  11|0x0000000705d00000, 0x0000000705d00000, 0x0000000705e00000|  0%| F|  |TAMS 0x0000000705d00000, 0x0000000705d00000| Untracked 
|  12|0x0000000705e00000, 0x0000000705e00000, 0x0000000705f00000|  0%| F|  |TAMS 0x0000000705e00000, 0x0000000705e00000| Untracked 
|  13|0x0000000705f00000, 0x0000000705f00000, 0x0000000706000000|  0%| F|  |TAMS 0x0000000705f00000, 0x0000000705f00000| Untracked 
|  14|0x0000000706000000, 0x0000000706000000, 0x0000000706100000|  0%| F|  |TAMS 0x0000000706000000, 0x0000000706000000| Untracked 
|  15|0x0000000706100000, 0x0000000706100000, 0x0000000706200000|  0%| F|  |TAMS 0x0000000706100000, 0x0000000706100000| Untracked 
|  16|0x0000000706200000, 0x0000000706200000, 0x0000000706300000|  0%| F|  |TAMS 0x0000000706200000, 0x0000000706200000| Untracked 
|  17|0x0000000706300000, 0x0000000706300000, 0x0000000706400000|  0%| F|  |TAMS 0x0000000706300000, 0x0000000706300000| Untracked 
|  18|0x0000000706400000, 0x0000000706400000, 0x0000000706500000|  0%| F|  |TAMS 0x0000000706400000, 0x0000000706400000| Untracked 
|  19|0x0000000706500000, 0x0000000706500000, 0x0000000706600000|  0%| F|  |TAMS 0x0000000706500000, 0x0000000706500000| Untracked 
|  20|0x0000000706600000, 0x0000000706600000, 0x0000000706700000|  0%| F|  |TAMS 0x0000000706600000, 0x0000000706600000| Untracked 
|  21|0x0000000706700000, 0x0000000706700000, 0x0000000706800000|  0%| F|  |TAMS 0x0000000706700000, 0x0000000706700000| Untracked 
|  22|0x0000000706800000, 0x0000000706800000, 0x0000000706900000|  0%| F|  |TAMS 0x0000000706800000, 0x0000000706800000| Untracked 
|  23|0x0000000706900000, 0x0000000706900000, 0x0000000706a00000|  0%| F|  |TAMS 0x0000000706900000, 0x0000000706900000| Untracked 
|  24|0x0000000706a00000, 0x0000000706a00000, 0x0000000706b00000|  0%| F|  |TAMS 0x0000000706a00000, 0x0000000706a00000| Untracked 
|  25|0x0000000706b00000, 0x0000000706b00000, 0x0000000706c00000|  0%| F|  |TAMS 0x0000000706b00000, 0x0000000706b00000| Untracked 
|  26|0x0000000706c00000, 0x0000000706c00000, 0x0000000706d00000|  0%| F|  |TAMS 0x0000000706c00000, 0x0000000706c00000| Untracked 
|  27|0x0000000706d00000, 0x0000000706d00000, 0x0000000706e00000|  0%| F|  |TAMS 0x0000000706d00000, 0x0000000706d00000| Untracked 
|  28|0x0000000706e00000, 0x0000000706e00000, 0x0000000706f00000|  0%| F|  |TAMS 0x0000000706e00000, 0x0000000706e00000| Untracked 
|  29|0x0000000706f00000, 0x0000000706f00000, 0x0000000707000000|  0%| F|  |TAMS 0x0000000706f00000, 0x0000000706f00000| Untracked 
|  30|0x0000000707000000, 0x0000000707000000, 0x0000000707100000|  0%| F|  |TAMS 0x0000000707000000, 0x0000000707000000| Untracked 
|  31|0x0000000707100000, 0x0000000707100000, 0x0000000707200000|  0%| F|  |TAMS 0x0000000707100000, 0x0000000707100000| Untracked 
|  32|0x0000000707200000, 0x0000000707200000, 0x0000000707300000|  0%| F|  |TAMS 0x0000000707200000, 0x0000000707200000| Untracked 
|  33|0x0000000707300000, 0x0000000707300000, 0x0000000707400000|  0%| F|  |TAMS 0x0000000707300000, 0x0000000707300000| Untracked 
|  34|0x0000000707400000, 0x0000000707400000, 0x0000000707500000|  0%| F|  |TAMS 0x0000000707400000, 0x0000000707400000| Untracked 
|  35|0x0000000707500000, 0x0000000707500000, 0x0000000707600000|  0%| F|  |TAMS 0x0000000707500000, 0x0000000707500000| Untracked 
|  36|0x0000000707600000, 0x0000000707600000, 0x0000000707700000|  0%| F|  |TAMS 0x0000000707600000, 0x0000000707600000| Untracked 
|  37|0x0000000707700000, 0x0000000707700000, 0x0000000707800000|  0%| F|  |TAMS 0x0000000707700000, 0x0000000707700000| Untracked 
|  38|0x0000000707800000, 0x0000000707800000, 0x0000000707900000|  0%| F|  |TAMS 0x0000000707800000, 0x0000000707800000| Untracked 
|  39|0x0000000707900000, 0x0000000707900000, 0x0000000707a00000|  0%| F|  |TAMS 0x0000000707900000, 0x0000000707900000| Untracked 
|  40|0x0000000707a00000, 0x0000000707a00000, 0x0000000707b00000|  0%| F|  |TAMS 0x0000000707a00000, 0x0000000707a00000| Untracked 
|  41|0x0000000707b00000, 0x0000000707b00000, 0x0000000707c00000|  0%| F|  |TAMS 0x0000000707b00000, 0x0000000707b00000| Untracked 
|  42|0x0000000707c00000, 0x0000000707c00000, 0x0000000707d00000|  0%| F|  |TAMS 0x0000000707c00000, 0x0000000707c00000| Untracked 
|  43|0x0000000707d00000, 0x0000000707d00000, 0x0000000707e00000|  0%| F|  |TAMS 0x0000000707d00000, 0x0000000707d00000| Untracked 
|  44|0x0000000707e00000, 0x0000000707e00000, 0x0000000707f00000|  0%| F|  |TAMS 0x0000000707e00000, 0x0000000707e00000| Untracked 
|  45|0x0000000707f00000, 0x0000000707f00000, 0x0000000708000000|  0%| F|  |TAMS 0x0000000707f00000, 0x0000000707f00000| Untracked 
|  46|0x0000000708000000, 0x0000000708000000, 0x0000000708100000|  0%| F|  |TAMS 0x0000000708000000, 0x0000000708000000| Untracked 
|  47|0x0000000708100000, 0x0000000708100000, 0x0000000708200000|  0%| F|  |TAMS 0x0000000708100000, 0x0000000708100000| Untracked 
|  48|0x0000000708200000, 0x0000000708200000, 0x0000000708300000|  0%| F|  |TAMS 0x0000000708200000, 0x0000000708200000| Untracked 
|  49|0x0000000708300000, 0x0000000708300000, 0x0000000708400000|  0%| F|  |TAMS 0x0000000708300000, 0x0000000708300000| Untracked 
|  50|0x0000000708400000, 0x0000000708400000, 0x0000000708500000|  0%| F|  |TAMS 0x0000000708400000, 0x0000000708400000| Untracked 
|  51|0x0000000708500000, 0x0000000708500000, 0x0000000708600000|  0%| F|  |TAMS 0x0000000708500000, 0x0000000708500000| Untracked 
|  52|0x0000000708600000, 0x0000000708600000, 0x0000000708700000|  0%| F|  |TAMS 0x0000000708600000, 0x0000000708600000| Untracked 
|  53|0x0000000708700000, 0x0000000708700000, 0x0000000708800000|  0%| F|  |TAMS 0x0000000708700000, 0x0000000708700000| Untracked 
|  54|0x0000000708800000, 0x0000000708800000, 0x0000000708900000|  0%| F|  |TAMS 0x0000000708800000, 0x0000000708800000| Untracked 
|  55|0x0000000708900000, 0x0000000708900000, 0x0000000708a00000|  0%| F|  |TAMS 0x0000000708900000, 0x0000000708900000| Untracked 
|  56|0x0000000708a00000, 0x0000000708a00000, 0x0000000708b00000|  0%| F|  |TAMS 0x0000000708a00000, 0x0000000708a00000| Untracked 
|  57|0x0000000708b00000, 0x0000000708b00000, 0x0000000708c00000|  0%| F|  |TAMS 0x0000000708b00000, 0x0000000708b00000| Untracked 
|  58|0x0000000708c00000, 0x0000000708c00000, 0x0000000708d00000|  0%| F|  |TAMS 0x0000000708c00000, 0x0000000708c00000| Untracked 
|  59|0x0000000708d00000, 0x0000000708d00000, 0x0000000708e00000|  0%| F|  |TAMS 0x0000000708d00000, 0x0000000708d00000| Untracked 
|  60|0x0000000708e00000, 0x0000000708e00000, 0x0000000708f00000|  0%| F|  |TAMS 0x0000000708e00000, 0x0000000708e00000| Untracked 
|  61|0x0000000708f00000, 0x0000000708f00000, 0x0000000709000000|  0%| F|  |TAMS 0x0000000708f00000, 0x0000000708f00000| Untracked 
|  62|0x0000000709000000, 0x0000000709000000, 0x0000000709100000|  0%| F|  |TAMS 0x0000000709000000, 0x0000000709000000| Untracked 
|  63|0x0000000709100000, 0x0000000709100000, 0x0000000709200000|  0%| F|  |TAMS 0x0000000709100000, 0x0000000709100000| Untracked 
|  64|0x0000000709200000, 0x0000000709200000, 0x0000000709300000|  0%| F|  |TAMS 0x0000000709200000, 0x0000000709200000| Untracked 
|  65|0x0000000709300000, 0x0000000709300000, 0x0000000709400000|  0%| F|  |TAMS 0x0000000709300000, 0x0000000709300000| Untracked 
|  66|0x0000000709400000, 0x0000000709400000, 0x0000000709500000|  0%| F|  |TAMS 0x0000000709400000, 0x0000000709400000| Untracked 
|  67|0x0000000709500000, 0x0000000709500000, 0x0000000709600000|  0%| F|  |TAMS 0x0000000709500000, 0x0000000709500000| Untracked 
|  68|0x0000000709600000, 0x0000000709600000, 0x0000000709700000|  0%| F|  |TAMS 0x0000000709600000, 0x0000000709600000| Untracked 
|  69|0x0000000709700000, 0x0000000709700000, 0x0000000709800000|  0%| F|  |TAMS 0x0000000709700000, 0x0000000709700000| Untracked 
|  70|0x0000000709800000, 0x0000000709800000, 0x0000000709900000|  0%| F|  |TAMS 0x0000000709800000, 0x0000000709800000| Untracked 
|  71|0x0000000709900000, 0x0000000709900000, 0x0000000709a00000|  0%| F|  |TAMS 0x0000000709900000, 0x0000000709900000| Untracked 
|  72|0x0000000709a00000, 0x0000000709a00000, 0x0000000709b00000|  0%| F|  |TAMS 0x0000000709a00000, 0x0000000709a00000| Untracked 
|  73|0x0000000709b00000, 0x0000000709b00000, 0x0000000709c00000|  0%| F|  |TAMS 0x0000000709b00000, 0x0000000709b00000| Untracked 
|  74|0x0000000709c00000, 0x0000000709c00000, 0x0000000709d00000|  0%| F|  |TAMS 0x0000000709c00000, 0x0000000709c00000| Untracked 
|  75|0x0000000709d00000, 0x0000000709d00000, 0x0000000709e00000|  0%| F|  |TAMS 0x0000000709d00000, 0x0000000709d00000| Untracked 
|  76|0x0000000709e00000, 0x0000000709e00000, 0x0000000709f00000|  0%| F|  |TAMS 0x0000000709e00000, 0x0000000709e00000| Untracked 
|  77|0x0000000709f00000, 0x0000000709f00000, 0x000000070a000000|  0%| F|  |TAMS 0x0000000709f00000, 0x0000000709f00000| Untracked 
|  78|0x000000070a000000, 0x000000070a000000, 0x000000070a100000|  0%| F|  |TAMS 0x000000070a000000, 0x000000070a000000| Untracked 
|  79|0x000000070a100000, 0x000000070a100000, 0x000000070a200000|  0%| F|  |TAMS 0x000000070a100000, 0x000000070a100000| Untracked 
|  80|0x000000070a200000, 0x000000070a200000, 0x000000070a300000|  0%| F|  |TAMS 0x000000070a200000, 0x000000070a200000| Untracked 
|  81|0x000000070a300000, 0x000000070a300000, 0x000000070a400000|  0%| F|  |TAMS 0x000000070a300000, 0x000000070a300000| Untracked 
|  82|0x000000070a400000, 0x000000070a400000, 0x000000070a500000|  0%| F|  |TAMS 0x000000070a400000, 0x000000070a400000| Untracked 
|  83|0x000000070a500000, 0x000000070a500000, 0x000000070a600000|  0%| F|  |TAMS 0x000000070a500000, 0x000000070a500000| Untracked 
|  84|0x000000070a600000, 0x000000070a600000, 0x000000070a700000|  0%| F|  |TAMS 0x000000070a600000, 0x000000070a600000| Untracked 
|  85|0x000000070a700000, 0x000000070a700000, 0x000000070a800000|  0%| F|  |TAMS 0x000000070a700000, 0x000000070a700000| Untracked 
|  86|0x000000070a800000, 0x000000070a800000, 0x000000070a900000|  0%| F|  |TAMS 0x000000070a800000, 0x000000070a800000| Untracked 
|  87|0x000000070a900000, 0x000000070a900000, 0x000000070aa00000|  0%| F|  |TAMS 0x000000070a900000, 0x000000070a900000| Untracked 
|  88|0x000000070aa00000, 0x000000070aa00000, 0x000000070ab00000|  0%| F|  |TAMS 0x000000070aa00000, 0x000000070aa00000| Untracked 
|  89|0x000000070ab00000, 0x000000070ab00000, 0x000000070ac00000|  0%| F|  |TAMS 0x000000070ab00000, 0x000000070ab00000| Untracked 
|  90|0x000000070ac00000, 0x000000070acd7280, 0x000000070ad00000| 84%| S|CS|TAMS 0x000000070ac00000, 0x000000070ac00000| Complete 
|  91|0x000000070ad00000, 0x000000070ae00000, 0x000000070ae00000|100%| S|CS|TAMS 0x000000070ad00000, 0x000000070ad00000| Complete 
|  92|0x000000070ae00000, 0x000000070af00000, 0x000000070af00000|100%| S|CS|TAMS 0x000000070ae00000, 0x000000070ae00000| Complete 
|  93|0x000000070af00000, 0x000000070b000000, 0x000000070b000000|100%| S|CS|TAMS 0x000000070af00000, 0x000000070af00000| Complete 
|  94|0x000000070b000000, 0x000000070b100000, 0x000000070b100000|100%| S|CS|TAMS 0x000000070b000000, 0x000000070b000000| Complete 
|  95|0x000000070b100000, 0x000000070b200000, 0x000000070b200000|100%| S|CS|TAMS 0x000000070b100000, 0x000000070b100000| Complete 
|  96|0x000000070b200000, 0x000000070b300000, 0x000000070b300000|100%| S|CS|TAMS 0x000000070b200000, 0x000000070b200000| Complete 
|  97|0x000000070b300000, 0x000000070b400000, 0x000000070b400000|100%| S|CS|TAMS 0x000000070b300000, 0x000000070b300000| Complete 
|  98|0x000000070b400000, 0x000000070b500000, 0x000000070b500000|100%| S|CS|TAMS 0x000000070b400000, 0x000000070b400000| Complete 
|  99|0x000000070b500000, 0x000000070b600000, 0x000000070b600000|100%| S|CS|TAMS 0x000000070b500000, 0x000000070b500000| Complete 
| 100|0x000000070b600000, 0x000000070b700000, 0x000000070b700000|100%| S|CS|TAMS 0x000000070b600000, 0x000000070b600000| Complete 
| 101|0x000000070b700000, 0x000000070b700000, 0x000000070b800000|  0%| F|  |TAMS 0x000000070b700000, 0x000000070b700000| Untracked 
| 102|0x000000070b800000, 0x000000070b800000, 0x000000070b900000|  0%| F|  |TAMS 0x000000070b800000, 0x000000070b800000| Untracked 
| 103|0x000000070b900000, 0x000000070b900000, 0x000000070ba00000|  0%| F|  |TAMS 0x000000070b900000, 0x000000070b900000| Untracked 
| 104|0x000000070ba00000, 0x000000070ba00000, 0x000000070bb00000|  0%| F|  |TAMS 0x000000070ba00000, 0x000000070ba00000| Untracked 
| 105|0x000000070bb00000, 0x000000070bb00000, 0x000000070bc00000|  0%| F|  |TAMS 0x000000070bb00000, 0x000000070bb00000| Untracked 
| 106|0x000000070bc00000, 0x000000070bc00000, 0x000000070bd00000|  0%| F|  |TAMS 0x000000070bc00000, 0x000000070bc00000| Untracked 
| 107|0x000000070bd00000, 0x000000070bd00000, 0x000000070be00000|  0%| F|  |TAMS 0x000000070bd00000, 0x000000070bd00000| Untracked 
| 108|0x000000070be00000, 0x000000070be00000, 0x000000070bf00000|  0%| F|  |TAMS 0x000000070be00000, 0x000000070be00000| Untracked 
| 109|0x000000070bf00000, 0x000000070bf00000, 0x000000070c000000|  0%| F|  |TAMS 0x000000070bf00000, 0x000000070bf00000| Untracked 
| 110|0x000000070c000000, 0x000000070c000000, 0x000000070c100000|  0%| F|  |TAMS 0x000000070c000000, 0x000000070c000000| Untracked 
| 111|0x000000070c100000, 0x000000070c100000, 0x000000070c200000|  0%| F|  |TAMS 0x000000070c100000, 0x000000070c100000| Untracked 
| 112|0x000000070c200000, 0x000000070c200000, 0x000000070c300000|  0%| F|  |TAMS 0x000000070c200000, 0x000000070c200000| Untracked 
| 113|0x000000070c300000, 0x000000070c300000, 0x000000070c400000|  0%| F|  |TAMS 0x000000070c300000, 0x000000070c300000| Untracked 
| 114|0x000000070c400000, 0x000000070c400000, 0x000000070c500000|  0%| F|  |TAMS 0x000000070c400000, 0x000000070c400000| Untracked 
| 115|0x000000070c500000, 0x000000070c500000, 0x000000070c600000|  0%| F|  |TAMS 0x000000070c500000, 0x000000070c500000| Untracked 
| 116|0x000000070c600000, 0x000000070c600000, 0x000000070c700000|  0%| F|  |TAMS 0x000000070c600000, 0x000000070c600000| Untracked 
| 117|0x000000070c700000, 0x000000070c700000, 0x000000070c800000|  0%| F|  |TAMS 0x000000070c700000, 0x000000070c700000| Untracked 
| 118|0x000000070c800000, 0x000000070c800000, 0x000000070c900000|  0%| F|  |TAMS 0x000000070c800000, 0x000000070c800000| Untracked 
| 119|0x000000070c900000, 0x000000070c900000, 0x000000070ca00000|  0%| F|  |TAMS 0x000000070c900000, 0x000000070c900000| Untracked 
| 120|0x000000070ca00000, 0x000000070ca00000, 0x000000070cb00000|  0%| F|  |TAMS 0x000000070ca00000, 0x000000070ca00000| Untracked 
| 121|0x000000070cb00000, 0x000000070cb00000, 0x000000070cc00000|  0%| F|  |TAMS 0x000000070cb00000, 0x000000070cb00000| Untracked 
| 122|0x000000070cc00000, 0x000000070cc00000, 0x000000070cd00000|  0%| F|  |TAMS 0x000000070cc00000, 0x000000070cc00000| Untracked 
| 123|0x000000070cd00000, 0x000000070cd00000, 0x000000070ce00000|  0%| F|  |TAMS 0x000000070cd00000, 0x000000070cd00000| Untracked 
| 124|0x000000070ce00000, 0x000000070ce00000, 0x000000070cf00000|  0%| F|  |TAMS 0x000000070ce00000, 0x000000070ce00000| Untracked 
| 125|0x000000070cf00000, 0x000000070cf00000, 0x000000070d000000|  0%| F|  |TAMS 0x000000070cf00000, 0x000000070cf00000| Untracked 
| 126|0x000000070d000000, 0x000000070d000000, 0x000000070d100000|  0%| F|  |TAMS 0x000000070d000000, 0x000000070d000000| Untracked 
| 127|0x000000070d100000, 0x000000070d100000, 0x000000070d200000|  0%| F|  |TAMS 0x000000070d100000, 0x000000070d100000| Untracked 
| 128|0x000000070d200000, 0x000000070d200000, 0x000000070d300000|  0%| F|  |TAMS 0x000000070d200000, 0x000000070d200000| Untracked 
| 129|0x000000070d300000, 0x000000070d300000, 0x000000070d400000|  0%| F|  |TAMS 0x000000070d300000, 0x000000070d300000| Untracked 
| 130|0x000000070d400000, 0x000000070d400000, 0x000000070d500000|  0%| F|  |TAMS 0x000000070d400000, 0x000000070d400000| Untracked 
| 131|0x000000070d500000, 0x000000070d500000, 0x000000070d600000|  0%| F|  |TAMS 0x000000070d500000, 0x000000070d500000| Untracked 
| 132|0x000000070d600000, 0x000000070d600000, 0x000000070d700000|  0%| F|  |TAMS 0x000000070d600000, 0x000000070d600000| Untracked 
| 133|0x000000070d700000, 0x000000070d700000, 0x000000070d800000|  0%| F|  |TAMS 0x000000070d700000, 0x000000070d700000| Untracked 
| 134|0x000000070d800000, 0x000000070d800000, 0x000000070d900000|  0%| F|  |TAMS 0x000000070d800000, 0x000000070d800000| Untracked 
| 135|0x000000070d900000, 0x000000070d900000, 0x000000070da00000|  0%| F|  |TAMS 0x000000070d900000, 0x000000070d900000| Untracked 
| 136|0x000000070da00000, 0x000000070da00000, 0x000000070db00000|  0%| F|  |TAMS 0x000000070da00000, 0x000000070da00000| Untracked 
| 137|0x000000070db00000, 0x000000070db00000, 0x000000070dc00000|  0%| F|  |TAMS 0x000000070db00000, 0x000000070db00000| Untracked 
| 138|0x000000070dc00000, 0x000000070dc00000, 0x000000070dd00000|  0%| F|  |TAMS 0x000000070dc00000, 0x000000070dc00000| Untracked 
| 139|0x000000070dd00000, 0x000000070dd00000, 0x000000070de00000|  0%| F|  |TAMS 0x000000070dd00000, 0x000000070dd00000| Untracked 
| 140|0x000000070de00000, 0x000000070de00000, 0x000000070df00000|  0%| F|  |TAMS 0x000000070de00000, 0x000000070de00000| Untracked 
| 141|0x000000070df00000, 0x000000070df00000, 0x000000070e000000|  0%| F|  |TAMS 0x000000070df00000, 0x000000070df00000| Untracked 
| 142|0x000000070e000000, 0x000000070e000000, 0x000000070e100000|  0%| F|  |TAMS 0x000000070e000000, 0x000000070e000000| Untracked 
| 143|0x000000070e100000, 0x000000070e100000, 0x000000070e200000|  0%| F|  |TAMS 0x000000070e100000, 0x000000070e100000| Untracked 
| 144|0x000000070e200000, 0x000000070e200000, 0x000000070e300000|  0%| F|  |TAMS 0x000000070e200000, 0x000000070e200000| Untracked 
| 145|0x000000070e300000, 0x000000070e300000, 0x000000070e400000|  0%| F|  |TAMS 0x000000070e300000, 0x000000070e300000| Untracked 
| 146|0x000000070e400000, 0x000000070e400000, 0x000000070e500000|  0%| F|  |TAMS 0x000000070e400000, 0x000000070e400000| Untracked 
| 147|0x000000070e500000, 0x000000070e500000, 0x000000070e600000|  0%| F|  |TAMS 0x000000070e500000, 0x000000070e500000| Untracked 
| 148|0x000000070e600000, 0x000000070e600000, 0x000000070e700000|  0%| F|  |TAMS 0x000000070e600000, 0x000000070e600000| Untracked 
| 149|0x000000070e700000, 0x000000070e700000, 0x000000070e800000|  0%| F|  |TAMS 0x000000070e700000, 0x000000070e700000| Untracked 
| 150|0x000000070e800000, 0x000000070e800000, 0x000000070e900000|  0%| F|  |TAMS 0x000000070e800000, 0x000000070e800000| Untracked 
| 151|0x000000070e900000, 0x000000070e900000, 0x000000070ea00000|  0%| F|  |TAMS 0x000000070e900000, 0x000000070e900000| Untracked 
| 152|0x000000070ea00000, 0x000000070ea00000, 0x000000070eb00000|  0%| F|  |TAMS 0x000000070ea00000, 0x000000070ea00000| Untracked 
| 153|0x000000070eb00000, 0x000000070eb00000, 0x000000070ec00000|  0%| F|  |TAMS 0x000000070eb00000, 0x000000070eb00000| Untracked 
| 154|0x000000070ec00000, 0x000000070ec00000, 0x000000070ed00000|  0%| F|  |TAMS 0x000000070ec00000, 0x000000070ec00000| Untracked 
| 155|0x000000070ed00000, 0x000000070ed00000, 0x000000070ee00000|  0%| F|  |TAMS 0x000000070ed00000, 0x000000070ed00000| Untracked 
| 156|0x000000070ee00000, 0x000000070ee00000, 0x000000070ef00000|  0%| F|  |TAMS 0x000000070ee00000, 0x000000070ee00000| Untracked 
| 157|0x000000070ef00000, 0x000000070ef00000, 0x000000070f000000|  0%| F|  |TAMS 0x000000070ef00000, 0x000000070ef00000| Untracked 
| 158|0x000000070f000000, 0x000000070f000000, 0x000000070f100000|  0%| F|  |TAMS 0x000000070f000000, 0x000000070f000000| Untracked 
| 159|0x000000070f100000, 0x000000070f100000, 0x000000070f200000|  0%| F|  |TAMS 0x000000070f100000, 0x000000070f100000| Untracked 
| 160|0x000000070f200000, 0x000000070f200000, 0x000000070f300000|  0%| F|  |TAMS 0x000000070f200000, 0x000000070f200000| Untracked 
| 161|0x000000070f300000, 0x000000070f300000, 0x000000070f400000|  0%| F|  |TAMS 0x000000070f300000, 0x000000070f300000| Untracked 
| 162|0x000000070f400000, 0x000000070f400000, 0x000000070f500000|  0%| F|  |TAMS 0x000000070f400000, 0x000000070f400000| Untracked 
| 163|0x000000070f500000, 0x000000070f500000, 0x000000070f600000|  0%| F|  |TAMS 0x000000070f500000, 0x000000070f500000| Untracked 
| 164|0x000000070f600000, 0x000000070f600000, 0x000000070f700000|  0%| F|  |TAMS 0x000000070f600000, 0x000000070f600000| Untracked 
| 165|0x000000070f700000, 0x000000070f700000, 0x000000070f800000|  0%| F|  |TAMS 0x000000070f700000, 0x000000070f700000| Untracked 
| 166|0x000000070f800000, 0x000000070f800000, 0x000000070f900000|  0%| F|  |TAMS 0x000000070f800000, 0x000000070f800000| Untracked 
| 167|0x000000070f900000, 0x000000070f900000, 0x000000070fa00000|  0%| F|  |TAMS 0x000000070f900000, 0x000000070f900000| Untracked 
| 168|0x000000070fa00000, 0x000000070fa00000, 0x000000070fb00000|  0%| F|  |TAMS 0x000000070fa00000, 0x000000070fa00000| Untracked 
| 169|0x000000070fb00000, 0x000000070fb00000, 0x000000070fc00000|  0%| F|  |TAMS 0x000000070fb00000, 0x000000070fb00000| Untracked 
| 170|0x000000070fc00000, 0x000000070fc00000, 0x000000070fd00000|  0%| F|  |TAMS 0x000000070fc00000, 0x000000070fc00000| Untracked 
| 171|0x000000070fd00000, 0x000000070fd00000, 0x000000070fe00000|  0%| F|  |TAMS 0x000000070fd00000, 0x000000070fd00000| Untracked 
| 172|0x000000070fe00000, 0x000000070fe00000, 0x000000070ff00000|  0%| F|  |TAMS 0x000000070fe00000, 0x000000070fe00000| Untracked 
| 173|0x000000070ff00000, 0x000000070ff00000, 0x0000000710000000|  0%| F|  |TAMS 0x000000070ff00000, 0x000000070ff00000| Untracked 
| 174|0x0000000710000000, 0x0000000710000000, 0x0000000710100000|  0%| F|  |TAMS 0x0000000710000000, 0x0000000710000000| Untracked 
| 175|0x0000000710100000, 0x0000000710100000, 0x0000000710200000|  0%| F|  |TAMS 0x0000000710100000, 0x0000000710100000| Untracked 
| 176|0x0000000710200000, 0x0000000710200000, 0x0000000710300000|  0%| F|  |TAMS 0x0000000710200000, 0x0000000710200000| Untracked 
| 177|0x0000000710300000, 0x0000000710300000, 0x0000000710400000|  0%| F|  |TAMS 0x0000000710300000, 0x0000000710300000| Untracked 
| 178|0x0000000710400000, 0x0000000710400000, 0x0000000710500000|  0%| F|  |TAMS 0x0000000710400000, 0x0000000710400000| Untracked 
| 179|0x0000000710500000, 0x0000000710500000, 0x0000000710600000|  0%| F|  |TAMS 0x0000000710500000, 0x0000000710500000| Untracked 
| 180|0x0000000710600000, 0x0000000710600000, 0x0000000710700000|  0%| F|  |TAMS 0x0000000710600000, 0x0000000710600000| Untracked 
| 181|0x0000000710700000, 0x0000000710700000, 0x0000000710800000|  0%| F|  |TAMS 0x0000000710700000, 0x0000000710700000| Untracked 
| 182|0x0000000710800000, 0x0000000710800000, 0x0000000710900000|  0%| F|  |TAMS 0x0000000710800000, 0x0000000710800000| Untracked 
| 183|0x0000000710900000, 0x0000000710900000, 0x0000000710a00000|  0%| F|  |TAMS 0x0000000710900000, 0x0000000710900000| Untracked 
| 184|0x0000000710a00000, 0x0000000710a00000, 0x0000000710b00000|  0%| F|  |TAMS 0x0000000710a00000, 0x0000000710a00000| Untracked 
| 185|0x0000000710b00000, 0x0000000710b00000, 0x0000000710c00000|  0%| F|  |TAMS 0x0000000710b00000, 0x0000000710b00000| Untracked 
| 186|0x0000000710c00000, 0x0000000710c00000, 0x0000000710d00000|  0%| F|  |TAMS 0x0000000710c00000, 0x0000000710c00000| Untracked 
| 187|0x0000000710d00000, 0x0000000710d00000, 0x0000000710e00000|  0%| F|  |TAMS 0x0000000710d00000, 0x0000000710d00000| Untracked 
| 188|0x0000000710e00000, 0x0000000710e00000, 0x0000000710f00000|  0%| F|  |TAMS 0x0000000710e00000, 0x0000000710e00000| Untracked 
| 189|0x0000000710f00000, 0x0000000710f00000, 0x0000000711000000|  0%| F|  |TAMS 0x0000000710f00000, 0x0000000710f00000| Untracked 
| 190|0x0000000711000000, 0x0000000711000000, 0x0000000711100000|  0%| F|  |TAMS 0x0000000711000000, 0x0000000711000000| Untracked 
| 191|0x0000000711100000, 0x0000000711100000, 0x0000000711200000|  0%| F|  |TAMS 0x0000000711100000, 0x0000000711100000| Untracked 
| 192|0x0000000711200000, 0x0000000711200000, 0x0000000711300000|  0%| F|  |TAMS 0x0000000711200000, 0x0000000711200000| Untracked 
| 193|0x0000000711300000, 0x0000000711300000, 0x0000000711400000|  0%| F|  |TAMS 0x0000000711300000, 0x0000000711300000| Untracked 
| 194|0x0000000711400000, 0x0000000711400000, 0x0000000711500000|  0%| F|  |TAMS 0x0000000711400000, 0x0000000711400000| Untracked 
| 195|0x0000000711500000, 0x0000000711500000, 0x0000000711600000|  0%| F|  |TAMS 0x0000000711500000, 0x0000000711500000| Untracked 
| 196|0x0000000711600000, 0x0000000711600000, 0x0000000711700000|  0%| F|  |TAMS 0x0000000711600000, 0x0000000711600000| Untracked 
| 197|0x0000000711700000, 0x0000000711700000, 0x0000000711800000|  0%| F|  |TAMS 0x0000000711700000, 0x0000000711700000| Untracked 
| 198|0x0000000711800000, 0x0000000711800000, 0x0000000711900000|  0%| F|  |TAMS 0x0000000711800000, 0x0000000711800000| Untracked 
| 199|0x0000000711900000, 0x0000000711900000, 0x0000000711a00000|  0%| F|  |TAMS 0x0000000711900000, 0x0000000711900000| Untracked 
| 200|0x0000000711a00000, 0x0000000711a00000, 0x0000000711b00000|  0%| F|  |TAMS 0x0000000711a00000, 0x0000000711a00000| Untracked 
| 201|0x0000000711b00000, 0x0000000711b00000, 0x0000000711c00000|  0%| F|  |TAMS 0x0000000711b00000, 0x0000000711b00000| Untracked 
| 202|0x0000000711c00000, 0x0000000711c00000, 0x0000000711d00000|  0%| F|  |TAMS 0x0000000711c00000, 0x0000000711c00000| Untracked 
| 203|0x0000000711d00000, 0x0000000711d00000, 0x0000000711e00000|  0%| F|  |TAMS 0x0000000711d00000, 0x0000000711d00000| Untracked 
| 204|0x0000000711e00000, 0x0000000711e00000, 0x0000000711f00000|  0%| F|  |TAMS 0x0000000711e00000, 0x0000000711e00000| Untracked 
| 205|0x0000000711f00000, 0x0000000711f00000, 0x0000000712000000|  0%| F|  |TAMS 0x0000000711f00000, 0x0000000711f00000| Untracked 
| 206|0x0000000712000000, 0x0000000712000000, 0x0000000712100000|  0%| F|  |TAMS 0x0000000712000000, 0x0000000712000000| Untracked 
| 207|0x0000000712100000, 0x0000000712100000, 0x0000000712200000|  0%| F|  |TAMS 0x0000000712100000, 0x0000000712100000| Untracked 
| 208|0x0000000712200000, 0x0000000712200000, 0x0000000712300000|  0%| F|  |TAMS 0x0000000712200000, 0x0000000712200000| Untracked 
| 209|0x0000000712300000, 0x0000000712300000, 0x0000000712400000|  0%| F|  |TAMS 0x0000000712300000, 0x0000000712300000| Untracked 
| 210|0x0000000712400000, 0x0000000712400000, 0x0000000712500000|  0%| F|  |TAMS 0x0000000712400000, 0x0000000712400000| Untracked 
| 211|0x0000000712500000, 0x0000000712500000, 0x0000000712600000|  0%| F|  |TAMS 0x0000000712500000, 0x0000000712500000| Untracked 
| 212|0x0000000712600000, 0x0000000712600000, 0x0000000712700000|  0%| F|  |TAMS 0x0000000712600000, 0x0000000712600000| Untracked 
| 213|0x0000000712700000, 0x0000000712700000, 0x0000000712800000|  0%| F|  |TAMS 0x0000000712700000, 0x0000000712700000| Untracked 
| 214|0x0000000712800000, 0x0000000712800000, 0x0000000712900000|  0%| F|  |TAMS 0x0000000712800000, 0x0000000712800000| Untracked 
| 215|0x0000000712900000, 0x0000000712900000, 0x0000000712a00000|  0%| F|  |TAMS 0x0000000712900000, 0x0000000712900000| Untracked 
| 216|0x0000000712a00000, 0x0000000712a00000, 0x0000000712b00000|  0%| F|  |TAMS 0x0000000712a00000, 0x0000000712a00000| Untracked 
| 217|0x0000000712b00000, 0x0000000712b00000, 0x0000000712c00000|  0%| F|  |TAMS 0x0000000712b00000, 0x0000000712b00000| Untracked 
| 218|0x0000000712c00000, 0x0000000712c00000, 0x0000000712d00000|  0%| F|  |TAMS 0x0000000712c00000, 0x0000000712c00000| Untracked 
| 219|0x0000000712d00000, 0x0000000712d00000, 0x0000000712e00000|  0%| F|  |TAMS 0x0000000712d00000, 0x0000000712d00000| Untracked 
| 220|0x0000000712e00000, 0x0000000712e00000, 0x0000000712f00000|  0%| F|  |TAMS 0x0000000712e00000, 0x0000000712e00000| Untracked 
| 221|0x0000000712f00000, 0x0000000712f00000, 0x0000000713000000|  0%| F|  |TAMS 0x0000000712f00000, 0x0000000712f00000| Untracked 
| 222|0x0000000713000000, 0x0000000713000000, 0x0000000713100000|  0%| F|  |TAMS 0x0000000713000000, 0x0000000713000000| Untracked 
| 223|0x0000000713100000, 0x0000000713100000, 0x0000000713200000|  0%| F|  |TAMS 0x0000000713100000, 0x0000000713100000| Untracked 
| 224|0x0000000713200000, 0x0000000713200000, 0x0000000713300000|  0%| F|  |TAMS 0x0000000713200000, 0x0000000713200000| Untracked 
| 225|0x0000000713300000, 0x0000000713300000, 0x0000000713400000|  0%| F|  |TAMS 0x0000000713300000, 0x0000000713300000| Untracked 
| 226|0x0000000713400000, 0x0000000713400000, 0x0000000713500000|  0%| F|  |TAMS 0x0000000713400000, 0x0000000713400000| Untracked 
| 227|0x0000000713500000, 0x0000000713500000, 0x0000000713600000|  0%| F|  |TAMS 0x0000000713500000, 0x0000000713500000| Untracked 
| 228|0x0000000713600000, 0x0000000713600000, 0x0000000713700000|  0%| F|  |TAMS 0x0000000713600000, 0x0000000713600000| Untracked 
| 229|0x0000000713700000, 0x0000000713700000, 0x0000000713800000|  0%| F|  |TAMS 0x0000000713700000, 0x0000000713700000| Untracked 
| 230|0x0000000713800000, 0x0000000713800000, 0x0000000713900000|  0%| F|  |TAMS 0x0000000713800000, 0x0000000713800000| Untracked 
| 231|0x0000000713900000, 0x0000000713900000, 0x0000000713a00000|  0%| F|  |TAMS 0x0000000713900000, 0x0000000713900000| Untracked 
| 232|0x0000000713a00000, 0x0000000713a00000, 0x0000000713b00000|  0%| F|  |TAMS 0x0000000713a00000, 0x0000000713a00000| Untracked 
| 233|0x0000000713b00000, 0x0000000713b00000, 0x0000000713c00000|  0%| F|  |TAMS 0x0000000713b00000, 0x0000000713b00000| Untracked 
| 234|0x0000000713c00000, 0x0000000713c00000, 0x0000000713d00000|  0%| F|  |TAMS 0x0000000713c00000, 0x0000000713c00000| Untracked 
| 235|0x0000000713d00000, 0x0000000713d00000, 0x0000000713e00000|  0%| F|  |TAMS 0x0000000713d00000, 0x0000000713d00000| Untracked 
| 236|0x0000000713e00000, 0x0000000713e00000, 0x0000000713f00000|  0%| F|  |TAMS 0x0000000713e00000, 0x0000000713e00000| Untracked 
| 237|0x0000000713f00000, 0x0000000713f00000, 0x0000000714000000|  0%| F|  |TAMS 0x0000000713f00000, 0x0000000713f00000| Untracked 
| 238|0x0000000714000000, 0x0000000714000000, 0x0000000714100000|  0%| F|  |TAMS 0x0000000714000000, 0x0000000714000000| Untracked 
| 239|0x0000000714100000, 0x0000000714100000, 0x0000000714200000|  0%| F|  |TAMS 0x0000000714100000, 0x0000000714100000| Untracked 
| 240|0x0000000714200000, 0x0000000714200000, 0x0000000714300000|  0%| F|  |TAMS 0x0000000714200000, 0x0000000714200000| Untracked 
| 241|0x0000000714300000, 0x0000000714300000, 0x0000000714400000|  0%| F|  |TAMS 0x0000000714300000, 0x0000000714300000| Untracked 
| 242|0x0000000714400000, 0x0000000714400000, 0x0000000714500000|  0%| F|  |TAMS 0x0000000714400000, 0x0000000714400000| Untracked 
| 243|0x0000000714500000, 0x0000000714500000, 0x0000000714600000|  0%| F|  |TAMS 0x0000000714500000, 0x0000000714500000| Untracked 
| 244|0x0000000714600000, 0x0000000714600000, 0x0000000714700000|  0%| F|  |TAMS 0x0000000714600000, 0x0000000714600000| Untracked 
| 245|0x0000000714700000, 0x0000000714700000, 0x0000000714800000|  0%| F|  |TAMS 0x0000000714700000, 0x0000000714700000| Untracked 
| 246|0x0000000714800000, 0x0000000714800000, 0x0000000714900000|  0%| F|  |TAMS 0x0000000714800000, 0x0000000714800000| Untracked 
| 247|0x0000000714900000, 0x0000000714900000, 0x0000000714a00000|  0%| F|  |TAMS 0x0000000714900000, 0x0000000714900000| Untracked 
| 248|0x0000000714a00000, 0x0000000714a00000, 0x0000000714b00000|  0%| F|  |TAMS 0x0000000714a00000, 0x0000000714a00000| Untracked 
| 249|0x0000000714b00000, 0x0000000714b00000, 0x0000000714c00000|  0%| F|  |TAMS 0x0000000714b00000, 0x0000000714b00000| Untracked 
| 250|0x0000000714c00000, 0x0000000714c00000, 0x0000000714d00000|  0%| F|  |TAMS 0x0000000714c00000, 0x0000000714c00000| Untracked 
| 251|0x0000000714d00000, 0x0000000714d00000, 0x0000000714e00000|  0%| F|  |TAMS 0x0000000714d00000, 0x0000000714d00000| Untracked 

Card table byte_map: [0x000001f36ada0000,0x000001f36b580000] _byte_map_base: 0x000001f367577000

Marking Bits (Prev, Next): (CMBitMap*) 0x000001f352e5ac38, (CMBitMap*) 0x000001f352e5ac70
 Prev Bits: [0x000001f36bd60000, 0x000001f36fc18000)
 Next Bits: [0x000001f36fc20000, 0x000001f373ad8000)

Polling page: 0x000001f3509b0000

Metaspace:

Usage:
  Non-class:     39.42 MB capacity,    38.64 MB ( 98%) used,   645.41 KB (  2%) free+waste,   144.31 KB ( <1%) overhead. 
      Class:      5.90 MB capacity,     5.41 MB ( 92%) used,   429.40 KB (  7%) free+waste,    69.50 KB (  1%) overhead. 
       Both:     45.31 MB capacity,    44.05 MB ( 97%) used,     1.05 MB (  2%) free+waste,   213.81 KB ( <1%) overhead. 

Virtual space:
  Non-class space:       40.00 MB reserved,      39.45 MB ( 99%) committed 
      Class space:        1.00 GB reserved,       6.00 MB ( <1%) committed 
             Both:        1.04 GB reserved,      45.45 MB (  4%) committed 

Chunk freelists:
   Non-Class:  4.88 KB
       Class:  1.25 KB
        Both:  6.13 KB

CodeHeap 'non-profiled nmethods': size=120000Kb used=2260Kb max_used=2260Kb free=117739Kb
 bounds [0x000001f362d50000, 0x000001f362fc0000, 0x000001f36a280000]
CodeHeap 'profiled nmethods': size=120000Kb used=8729Kb max_used=8729Kb free=111270Kb
 bounds [0x000001f35b820000, 0x000001f35c0b0000, 0x000001f362d50000]
CodeHeap 'non-nmethods': size=5760Kb used=1181Kb max_used=1200Kb free=4578Kb
 bounds [0x000001f35b280000, 0x000001f35b4f0000, 0x000001f35b820000]
 total_blobs=4309 nmethods=3800 adapters=420
 compilation: enabled
              stopped_count=0, restarted_count=0
 full_count=0

Compilation events (10 events):
Event: 4.185 Thread 0x000001f376f8b800 nmethod 3804 0x000001f362f84b90 code [0x000001f362f84d20, 0x000001f362f84dd8]
Event: 4.185 Thread 0x000001f376f8b800 3805       1       com.mysql.cj.conf.AbstractPropertyDefinition::getCcAlias (5 bytes)
Event: 4.185 Thread 0x000001f376f8b800 nmethod 3805 0x000001f362f84e90 code [0x000001f362f85020, 0x000001f362f850d8]
Event: 4.203 Thread 0x000001f376f8b800 3806   !   3       com.mysql.cj.conf.DefaultPropertySet::getProperty (52 bytes)
Event: 4.204 Thread 0x000001f376f8b800 nmethod 3806 0x000001f35c0a4f10 code [0x000001f35c0a5100, 0x000001f35c0a5848]
Event: 4.208 Thread 0x000001f376f8b800 3807       3       java.net.URI::match (56 bytes)
Event: 4.209 Thread 0x000001f376f8b800 nmethod 3807 0x000001f35c0a5a90 code [0x000001f35c0a5c40, 0x000001f35c0a5ef8]
Event: 4.227 Thread 0x000001f376f8b800 3808   !   3       java.lang.invoke.MemberName::clone (14 bytes)
Event: 4.228 Thread 0x000001f376f8b800 nmethod 3808 0x000001f35c0a5f90 code [0x000001f35c0a6160, 0x000001f35c0a64d8]
Event: 4.230 Thread 0x000001f378235000 3809   !   4       jdk.internal.loader.URLClassPath$JarLoader::getResource (353 bytes)

GC Heap History (9 events):
Event: 0.667 GC heap before
{Heap before GC invocations=0 (full 0):
 garbage-first heap   total 258048K, used 24576K [0x0000000705200000, 0x0000000800000000)
  region size 1024K, 24 young (24576K), 0 survivors (0K)
 Metaspace       used 11163K, capacity 11350K, committed 11648K, reserved 1060864K
  class space    used 1061K, capacity 1101K, committed 1152K, reserved 1048576K
}
Event: 0.671 GC heap after
{Heap after GC invocations=1 (full 0):
 garbage-first heap   total 258048K, used 6070K [0x0000000705200000, 0x0000000800000000)
  region size 1024K, 3 young (3072K), 3 survivors (3072K)
 Metaspace       used 11163K, capacity 11350K, committed 11648K, reserved 1060864K
  class space    used 1061K, capacity 1101K, committed 1152K, reserved 1048576K
}
Event: 1.369 GC heap before
{Heap before GC invocations=1 (full 0):
 garbage-first heap   total 258048K, used 92086K [0x0000000705200000, 0x0000000800000000)
  region size 1024K, 89 young (91136K), 3 survivors (3072K)
 Metaspace       used 20647K, capacity 21116K, committed 21296K, reserved 1069056K
  class space    used 2227K, capacity 2416K, committed 2432K, reserved 1048576K
}
Event: 1.375 GC heap after
{Heap after GC invocations=2 (full 0):
 garbage-first heap   total 258048K, used 8284K [0x0000000705200000, 0x0000000800000000)
  region size 1024K, 6 young (6144K), 6 survivors (6144K)
 Metaspace       used 20647K, capacity 21116K, committed 21296K, reserved 1069056K
  class space    used 2227K, capacity 2416K, committed 2432K, reserved 1048576K
}
Event: 1.975 GC heap before
{Heap before GC invocations=3 (full 0):
 garbage-first heap   total 258048K, used 98396K [0x0000000705200000, 0x0000000800000000)
  region size 1024K, 95 young (97280K), 6 survivors (6144K)
 Metaspace       used 26466K, capacity 27112K, committed 27392K, reserved 1073152K
  class space    used 2961K, capacity 3221K, committed 3328K, reserved 1048576K
}
Event: 1.981 GC heap after
{Heap after GC invocations=4 (full 0):
 garbage-first heap   total 258048K, used 10697K [0x0000000705200000, 0x0000000800000000)
  region size 1024K, 8 young (8192K), 8 survivors (8192K)
 Metaspace       used 26466K, capacity 27112K, committed 27392K, reserved 1073152K
  class space    used 2961K, capacity 3221K, committed 3328K, reserved 1048576K
}
Event: 3.304 GC heap before
{Heap before GC invocations=4 (full 0):
 garbage-first heap   total 258048K, used 80329K [0x0000000705200000, 0x0000000800000000)
  region size 1024K, 77 young (78848K), 8 survivors (8192K)
 Metaspace       used 34845K, capacity 35902K, committed 36048K, reserved 1081344K
  class space    used 4089K, capacity 4520K, committed 4608K, reserved 1048576K
}
Event: 3.313 GC heap after
{Heap after GC invocations=5 (full 0):
 garbage-first heap   total 258048K, used 14105K [0x0000000705200000, 0x0000000800000000)
  region size 1024K, 11 young (11264K), 11 survivors (11264K)
 Metaspace       used 34845K, capacity 35902K, committed 36048K, reserved 1081344K
  class space    used 4089K, capacity 4520K, committed 4608K, reserved 1048576K
}
Event: 4.231 GC heap before
{Heap before GC invocations=6 (full 0):
 garbage-first heap   total 258048K, used 156441K [0x0000000705200000, 0x0000000800000000)
  region size 1024K, 151 young (154624K), 11 survivors (11264K)
 Metaspace       used 45110K, capacity 46399K, committed 46544K, reserved 1089536K
  class space    used 5539K, capacity 6038K, committed 6144K, reserved 1048576K
}

Deoptimization events (10 events):
Event: 3.717 Thread 0x000001f377f06000 Uncommon trap: reason=unstable_if action=reinterpret pc=0x000001f362e2d03c method=java.util.concurrent.ConcurrentHashMap.get(Ljava/lang/Object;)Ljava/lang/Object; @ 152 c2
Event: 3.747 Thread 0x000001f377f06000 Uncommon trap: reason=unstable_if action=reinterpret pc=0x000001f362f3373c method=java.net.URL.<init>(Ljava/net/URL;Ljava/lang/String;Ljava/net/URLStreamHandler;)V @ 57 c2
Event: 3.747 Thread 0x000001f377f06000 Uncommon trap: reason=unstable_if action=reinterpret pc=0x000001f362f3a968 method=java.net.URLStreamHandler.parseURL(Ljava/net/URL;Ljava/lang/String;II)V @ 57 c2
Event: 4.138 Thread 0x000001f377f06000 Uncommon trap: reason=unstable_if action=reinterpret pc=0x000001f362d9c35c method=java.net.URI.match(CJJ)Z @ 45 c2
Event: 4.141 Thread 0x000001f377f06000 Uncommon trap: reason=unstable_if action=reinterpret pc=0x000001f362f12dd8 method=java.util.Properties$LineReader.readLine()I @ 435 c2
Event: 4.142 Thread 0x000001f377f06000 Uncommon trap: reason=unstable_if action=reinterpret pc=0x000001f362f117a0 method=sun.nio.cs.UTF_8$Decoder.decodeArrayLoop(Ljava/nio/ByteBuffer;Ljava/nio/CharBuffer;)Ljava/nio/charset/CoderResult; @ 110 c2
Event: 4.142 Thread 0x000001f377f06000 Uncommon trap: reason=unstable_if action=reinterpret pc=0x000001f362f0e6f4 method=sun.nio.cs.UTF_8$Decoder.decodeArrayLoop(Ljava/nio/ByteBuffer;Ljava/nio/CharBuffer;)Ljava/nio/charset/CoderResult; @ 110 c2
Event: 4.142 Thread 0x000001f377f06000 Uncommon trap: reason=unstable_if action=reinterpret pc=0x000001f362f0f4c8 method=java.util.Properties.load0(Ljava/util/Properties$LineReader;)V @ 160 c2
Event: 4.207 Thread 0x000001f377f06000 Uncommon trap: reason=unstable_if action=reinterpret pc=0x000001f362f15448 method=java.lang.CharacterDataLatin1.digit(II)I @ 12 c2
Event: 4.208 Thread 0x000001f377f06000 Uncommon trap: reason=unstable_if action=reinterpret pc=0x000001f362e6322c method=sun.net.www.ParseUtil.encodePath(Ljava/lang/String;Z)Ljava/lang/String; @ 1 c2

Classes redefined (0 events):
No events

Internal exceptions (10 events):
Event: 2.925 Thread 0x000001f377f06000 Exception <a 'java/lang/NoSuchMethodError'{0x00000007111f49e8}: java.lang.invoke.DirectMethodHandle$Holder.invokeStaticInit(Ljava/lang/Object;IIII)Ljava/lang/Object;> (0x00000007111f49e8) thrown at [./open/src/hotspot/share/interpreter/linkResolver.cpp, l
Event: 3.222 Thread 0x000001f377f06000 Exception <a 'java/lang/NoSuchMethodError'{0x000000071103e008}: java.lang.invoke.DirectMethodHandle$Holder.invokeStaticInit(Ljava/lang/Object;Ljava/lang/Object;IIII)Ljava/lang/Object;> (0x000000071103e008) thrown at [./open/src/hotspot/share/interpreter/l
Event: 3.378 Thread 0x000001f377f06000 Exception <a 'sun/nio/fs/WindowsException'{0x000000071216a650}> (0x000000071216a650) thrown at [./open/src/hotspot/share/prims/jni.cpp, line 611]
Event: 3.379 Thread 0x000001f377f06000 Exception <a 'sun/nio/fs/WindowsException'{0x00000007121704b0}> (0x00000007121704b0) thrown at [./open/src/hotspot/share/prims/jni.cpp, line 611]
Event: 3.379 Thread 0x000001f377f06000 Exception <a 'sun/nio/fs/WindowsException'{0x0000000712170be8}> (0x0000000712170be8) thrown at [./open/src/hotspot/share/prims/jni.cpp, line 611]
Event: 3.427 Thread 0x000001f377f06000 Implicit null exception at 0x000001f362e146e8 to 0x000001f362e16834
Event: 3.478 Thread 0x000001f377f06000 Exception <a 'java/io/FileNotFoundException'{0x000000070e9096b0}> (0x000000070e9096b0) thrown at [./open/src/hotspot/share/prims/jni.cpp, line 611]
Event: 3.499 Thread 0x000001f377f06000 Exception <a 'java/lang/NoSuchMethodError'{0x000000070e7425a0}: java.lang.invoke.DirectMethodHandle$Holder.invokeInterface(Ljava/lang/Object;Ljava/lang/Object;Ljava/lang/Object;Ljava/lang/Object;)I> (0x000000070e7425a0) thrown at [./open/src/hotspot/share
Event: 3.550 Thread 0x000001f377f06000 Exception <a 'java/lang/NoSuchMethodError'{0x000000070e4f4420}: java.lang.invoke.DirectMethodHandle$Holder.invokeVirtual(Ljava/lang/Object;Ljava/lang/Object;)J> (0x000000070e4f4420) thrown at [./open/src/hotspot/share/interpreter/linkResolver.cpp, line 77
Event: 3.557 Thread 0x000001f377f06000 Exception <a 'java/io/FileNotFoundException'{0x000000070e352610}> (0x000000070e352610) thrown at [./open/src/hotspot/share/prims/jni.cpp, line 611]

Events (10 events):
Event: 4.228 loading class com/mysql/cj/protocol/a/InstantValueEncoder done
Event: 4.229 loading class com/mysql/cj/protocol/a/LocalDateValueEncoder
Event: 4.229 loading class com/mysql/cj/protocol/a/LocalDateValueEncoder done
Event: 4.229 loading class com/mysql/cj/protocol/a/LocalDateTimeValueEncoder
Event: 4.229 loading class com/mysql/cj/protocol/a/LocalDateTimeValueEncoder done
Event: 4.230 loading class com/mysql/cj/protocol/a/LocalTimeValueEncoder
Event: 4.230 loading class com/mysql/cj/protocol/a/LocalTimeValueEncoder done
Event: 4.230 loading class com/mysql/cj/protocol/a/OffsetDateTimeValueEncoder
Event: 4.230 loading class com/mysql/cj/protocol/a/OffsetDateTimeValueEncoder done
Event: 4.231 Executing VM operation: G1CollectForAllocation


Dynamic libraries:
0x00007ff7d86d0000 - 0x00007ff7d86df000 	C:\Program Files\Java\jdk-11.0.12\bin\java.exe
0x00007fff54110000 - 0x00007fff54308000 	C:\Windows\SYSTEM32\ntdll.dll
0x00007fff54010000 - 0x00007fff540cf000 	C:\Windows\System32\KERNEL32.DLL
0x00007fff51cb0000 - 0x00007fff51f82000 	C:\Windows\System32\KERNELBASE.dll
0x00007fff52000000 - 0x00007fff52100000 	C:\Windows\System32\ucrtbase.dll
0x00007fff22c90000 - 0x00007fff22ca5000 	C:\Program Files\Java\jdk-11.0.12\bin\VCRUNTIME140.dll
0x00007fff22790000 - 0x00007fff227a8000 	C:\Program Files\Java\jdk-11.0.12\bin\jli.dll
0x00007fff53b10000 - 0x00007fff53bbe000 	C:\Windows\System32\ADVAPI32.dll
0x00007fff53ea0000 - 0x00007fff53f3e000 	C:\Windows\System32\msvcrt.dll
0x00007fff53e00000 - 0x00007fff53e9c000 	C:\Windows\System32\sechost.dll
0x00007fff539e0000 - 0x00007fff53b05000 	C:\Windows\System32\RPCRT4.dll
0x00007fff53790000 - 0x00007fff53931000 	C:\Windows\System32\USER32.dll
0x00007fff51b10000 - 0x00007fff51b32000 	C:\Windows\System32\win32u.dll
0x00007fff532c0000 - 0x00007fff532eb000 	C:\Windows\System32\GDI32.dll
0x00007fff33d40000 - 0x00007fff33fda000 	C:\Windows\WinSxS\amd64_microsoft.windows.common-controls_6595b64144ccf1df_6.0.19041.1110_none_60b5254171f9507e\COMCTL32.dll
0x00007fff518a0000 - 0x00007fff519af000 	C:\Windows\System32\gdi32full.dll
0x00007fff51800000 - 0x00007fff5189d000 	C:\Windows\System32\msvcp_win.dll
0x00007fff475c0000 - 0x00007fff475ca000 	C:\Windows\SYSTEM32\VERSION.dll
0x00007fff53940000 - 0x00007fff53972000 	C:\Windows\System32\IMM32.DLL
0x00007fff0d0b0000 - 0x00007fff0d154000 	C:\Program Files\McAfee\Endpoint Security\Threat Prevention\Ips\EpMPApi.dll
0x00007fff51f90000 - 0x00007fff51ff9000 	C:\Windows\System32\WINTRUST.dll
0x00007fff519b0000 - 0x00007fff51b06000 	C:\Windows\System32\CRYPT32.dll
0x00007fff513f0000 - 0x00007fff51402000 	C:\Windows\SYSTEM32\MSASN1.dll
0x0000000052480000 - 0x000000005248c000 	C:\Program Files\McAfee\Endpoint Security\Threat Prevention\Ips\EpMPThe.dll
0x00007fff0b370000 - 0x00007fff0b3c9000 	C:\Program Files\McAfee\Endpoint Security\Threat Prevention\Ips\HIPHandlers64.dll
0x00007fff52480000 - 0x00007fff524d5000 	C:\Windows\System32\SHLWAPI.dll
0x00007fff4f390000 - 0x00007fff4f574000 	C:\Windows\SYSTEM32\dbghelp.dll
0x00007fff22610000 - 0x00007fff226ab000 	C:\Program Files\Java\jdk-11.0.12\bin\msvcp140.dll
0x00007fff21b10000 - 0x00007fff2260f000 	C:\Program Files\Java\jdk-11.0.12\bin\server\jvm.dll
0x00007fff52470000 - 0x00007fff52478000 	C:\Windows\System32\PSAPI.DLL
0x00007fff27790000 - 0x00007fff27799000 	C:\Windows\SYSTEM32\WSOCK32.dll
0x00007fff2dcd0000 - 0x00007fff2dcf7000 	C:\Windows\SYSTEM32\WINMM.dll
0x00007fff53250000 - 0x00007fff532bb000 	C:\Windows\System32\WS2_32.dll
0x00007fff50000000 - 0x00007fff50012000 	C:\Windows\SYSTEM32\kernel.appcore.dll
0x00007fff276e0000 - 0x00007fff276f0000 	C:\Program Files\Java\jdk-11.0.12\bin\verify.dll
0x00007fff30b30000 - 0x00007fff30b65000 	C:\Windows\SYSTEM32\dbgcore.DLL
0x00007fff51bf0000 - 0x00007fff51c72000 	C:\Windows\System32\bcryptPrimitives.dll
0x00007fff20e40000 - 0x00007fff20e68000 	C:\Program Files\Java\jdk-11.0.12\bin\java.dll
0x00007fff20f60000 - 0x00007fff20f6a000 	C:\Program Files\Java\jdk-11.0.12\bin\jimage.dll
0x00007fff4b110000 - 0x00007fff4b11e000 	C:\Program Files\Java\jdk-11.0.12\bin\instrument.dll
0x00007fff20cd0000 - 0x00007fff20ce6000 	C:\Program Files\Java\jdk-11.0.12\bin\zip.dll
0x00007fff52590000 - 0x00007fff52cd4000 	C:\Windows\System32\SHELL32.dll
0x00007fff4f850000 - 0x00007fff4ffe2000 	C:\Windows\SYSTEM32\windows.storage.dll
0x00007fff53430000 - 0x00007fff53785000 	C:\Windows\System32\combase.dll
0x00007fff51180000 - 0x00007fff511b0000 	C:\Windows\SYSTEM32\Wldp.dll
0x00007fff524e0000 - 0x00007fff5258d000 	C:\Windows\System32\SHCORE.dll
0x00007fff51740000 - 0x00007fff5175f000 	C:\Windows\SYSTEM32\profapi.dll
0x00007fff20c20000 - 0x00007fff20c39000 	C:\Program Files\Java\jdk-11.0.12\bin\net.dll
0x00007fff49110000 - 0x00007fff4921c000 	C:\Windows\SYSTEM32\WINHTTP.dll
0x00007fff50f60000 - 0x00007fff50fca000 	C:\Windows\system32\mswsock.dll
0x00007fff20c00000 - 0x00007fff20c12000 	C:\Program Files\Java\jdk-11.0.12\bin\nio.dll
0x00007fff39c60000 - 0x00007fff39c7a000 	C:\Program Files\JetBrains\IntelliJ IDEA Community Edition 2022.2.3\bin\breakgen64.dll
0x00007fff2df00000 - 0x00007fff2df09000 	C:\Program Files\Java\jdk-11.0.12\bin\management.dll
0x00007fff15590000 - 0x00007fff1559b000 	C:\Program Files\Java\jdk-11.0.12\bin\management_ext.dll
0x00007fff23170000 - 0x00007fff23187000 	C:\Windows\system32\napinsp.dll
0x00007fff23150000 - 0x00007fff2316b000 	C:\Windows\system32\pnrpnsp.dll
0x00007fff23130000 - 0x00007fff23145000 	C:\Windows\system32\wshbth.dll
0x00007fff4afb0000 - 0x00007fff4afcd000 	C:\Windows\system32\NLAapi.dll
0x00007fff50c20000 - 0x00007fff50c5b000 	C:\Windows\SYSTEM32\IPHLPAPI.DLL
0x00007fff50c60000 - 0x00007fff50d2a000 	C:\Windows\SYSTEM32\DNSAPI.dll
0x00007fff53420000 - 0x00007fff53428000 	C:\Windows\System32\NSI.dll
0x00007fff22f10000 - 0x00007fff22f22000 	C:\Windows\System32\winrnr.dll
0x00007fff475d0000 - 0x00007fff475da000 	C:\Windows\System32\rasadhlp.dll
0x00007fff48da0000 - 0x00007fff48e20000 	C:\Windows\System32\fwpuclnt.dll
0x00007fff51c80000 - 0x00007fff51ca7000 	C:\Windows\System32\bcrypt.dll
0x00007fff511c0000 - 0x00007fff511d8000 	C:\Windows\SYSTEM32\CRYPTSP.dll
0x00007fff50830000 - 0x00007fff50864000 	C:\Windows\system32\rsaenh.dll
0x00007fff516c0000 - 0x00007fff516ee000 	C:\Windows\SYSTEM32\USERENV.dll
0x00007fff510f0000 - 0x00007fff510fc000 	C:\Windows\SYSTEM32\CRYPTBASE.dll
0x00007fff48ce0000 - 0x00007fff48cf7000 	C:\Windows\SYSTEM32\dhcpcsvc6.DLL
0x00007fff48cb0000 - 0x00007fff48ccd000 	C:\Windows\SYSTEM32\dhcpcsvc.DLL
0x00007fff13620000 - 0x00007fff1362d000 	C:\Program Files\Java\jdk-11.0.12\bin\sunmscapi.dll
0x00007fff512d0000 - 0x00007fff512f7000 	C:\Windows\SYSTEM32\ncrypt.dll
0x00007fff51290000 - 0x00007fff512cb000 	C:\Windows\SYSTEM32\NTASN1.dll
0x00007fff134f0000 - 0x00007fff13515000 	C:\Program Files\Java\jdk-11.0.12\bin\sunec.dll

dbghelp: loaded successfully - version: 4.0.5 - missing functions: none
symbol engine: initialized successfully - sym options: 0x614 - pdb path: .;C:\Program Files\Java\jdk-11.0.12\bin;C:\Windows\SYSTEM32;C:\Windows\WinSxS\amd64_microsoft.windows.common-controls_6595b64144ccf1df_6.0.19041.1110_none_60b5254171f9507e;C:\Program Files\McAfee\Endpoint Security\Threat Prevention\Ips;C:\Program Files\Java\jdk-11.0.12\bin\server;C:\Program Files\JetBrains\IntelliJ IDEA Community Edition 2022.2.3\bin

VM Arguments:
jvm_args: -javaagent:C:\Program Files\JetBrains\IntelliJ IDEA Community Edition 2022.2.3\lib\idea_rt.jar=50925:C:\Program Files\JetBrains\IntelliJ IDEA Community Edition 2022.2.3\bin -Dfile.encoding=UTF-8 
java_command: com.ManyToOne_3.ManyToOne3Application
java_class_path (initial): C:\BACKEND-MANYTOONE\ManyToOne_3\ManyToOne_3\target\classes;C:\Users\nelson.zamora\.m2\repository\org\springframework\boot\spring-boot-starter-data-jpa\2.7.9-SNAPSHOT\spring-boot-starter-data-jpa-2.7.9-20230127.061338-7.jar;C:\Users\nelson.zamora\.m2\repository\org\springframework\boot\spring-boot-starter-aop\2.7.9-SNAPSHOT\spring-boot-starter-aop-2.7.9-20230127.061338-7.jar;C:\Users\nelson.zamora\.m2\repository\org\springframework\spring-aop\5.3.25\spring-aop-5.3.25.jar;C:\Users\nelson.zamora\.m2\repository\org\aspectj\aspectjweaver\1.9.7\aspectjweaver-1.9.7.jar;C:\Users\nelson.zamora\.m2\repository\org\springframework\boot\spring-boot-starter-jdbc\2.7.9-SNAPSHOT\spring-boot-starter-jdbc-2.7.9-20230127.061338-7.jar;C:\Users\nelson.zamora\.m2\repository\com\zaxxer\HikariCP\4.0.3\HikariCP-4.0.3.jar;C:\Users\nelson.zamora\.m2\repository\org\springframework\spring-jdbc\5.3.25\spring-jdbc-5.3.25.jar;C:\Users\nelson.zamora\.m2\repository\jakarta\transaction\jakarta.transaction-api\1.3.3\jakarta.transaction-api-1.3.3.jar;C:\Users\nelson.zamora\.m2\repository\jakarta\persistence\jakarta.persistence-api\2.2.3\jakarta.persistence-api-2.2.3.jar;C:\Users\nelson.zamora\.m2\repository\org\hibernate\hibernate-core\5.6.14.Final\hibernate-core-5.6.14.Final.jar;C:\Users\nelson.zamora\.m2\repository\org\jboss\logging\jboss-logging\3.4.3.Final\jboss-logging-3.4.3.Final.jar;C:\Users\nelson.zamora\.m2\repository\net\bytebuddy\byte-buddy\1.12.22\byte-buddy-1.12.22.jar;C:\Users\nelson.zamora\.m2\repository\antlr\antlr\2.7.7\antlr-2.7.7.jar;C:\Users\nelson.zamora\.m2\repository\org\jboss\jandex\2.4.2.Final\jandex-2.4.2.Final.jar;C:\Users\nelson.zamora\.m2\repository\com\fasterxml\classmate\1.5.1\classmate-1.5.1.jar;C:\Users\nelson.zamora\.m2\repository\org\hibernate\common\hibernate-commons-annotations\5.1.2.Final\hibernate-commons-annotations-5.1.2.Final.jar;C:\Users\nelson.zamora\.m2\repository\org\glassfish\jaxb\jaxb-runtime\2.3.7\jaxb-runtime-2.3.7.jar;C:\U
Launcher Type: SUN_STANDARD

[Global flags]
     intx CICompilerCount                          = 4                                         {product} {ergonomic}
     uint ConcGCThreads                            = 2                                         {product} {ergonomic}
     uint G1ConcRefinementThreads                  = 8                                         {product} {ergonomic}
   size_t G1HeapRegionSize                         = 1048576                                   {product} {ergonomic}
    uintx GCDrainStackTargetSize                   = 64                                        {product} {ergonomic}
   size_t InitialHeapSize                          = 264241152                                 {product} {ergonomic}
   size_t MarkStackSize                            = 4194304                                   {product} {ergonomic}
   size_t MaxHeapSize                              = 4208984064                                {product} {ergonomic}
   size_t MaxNewSize                               = 2524971008                                {product} {ergonomic}
   size_t MinHeapDeltaBytes                        = 1048576                                   {product} {ergonomic}
    uintx NonNMethodCodeHeapSize                   = 5836300                                {pd product} {ergonomic}
    uintx NonProfiledCodeHeapSize                  = 122910970                              {pd product} {ergonomic}
    uintx ProfiledCodeHeapSize                     = 122910970                              {pd product} {ergonomic}
    uintx ReservedCodeCacheSize                    = 251658240                              {pd product} {ergonomic}
     bool SegmentedCodeCache                       = true                                      {product} {ergonomic}
     bool UseCompressedClassPointers               = true                                 {lp64_product} {ergonomic}
     bool UseCompressedOops                        = true                                 {lp64_product} {ergonomic}
     bool UseG1GC                                  = true                                      {product} {ergonomic}
     bool UseLargePagesIndividualAllocation        = false                                  {pd product} {ergonomic}

Logging:
Log output configuration:
 #0: stdout all=warning uptime,level,tags
 #1: stderr all=off uptime,level,tags

Environment Variables:
PATH=C:\Program Files\Java\jdk-11.0.12\bin;C:\Users\nelson.zamora\Documents\BDOracle\bin;C:\Program Files\Common Files\Oracle\Java\javapath;C:\Program Files (x86)\Common Files\Oracle\Java\javapath;C:\Windows\system32;C:\Windows;C:\Windows\System32\Wbem;C:\Windows\System32\WindowsPowerShell\v1.0\;C:\Windows\System32\OpenSSH\;C:\Program Files\TortoiseSVN\bin;C:\Program Files (x86)\Brackets\command;C:\Program Files\dotnet\;C:\Program Files\Microsoft SQL Server\130\Tools\Binn\;C:\Program Files\Microsoft SQL Server\Client SDK\ODBC\170\Tools\Binn\;C:\Program Files\nodejs\;C:\Users\nelson.zamora\AppData\Roaming\Microsoft\Windows\Start Menu\Programs\Eclipse;C:\Users\nelson.zamora\AppData\Local\Programs\Git\bin;C:\Program Files\PuTTY\;C:\gradle-7.5-all\gradle-7.5\bin;C:\Program Files\Docker\Docker\resources\bin;C:\ProgramData\DockerDesktop\version-bin;C:\Ruby30-x64\bin;C:\Users\nelson.zamora\AppData\Local\Microsoft\WindowsApps;C:\Users\nelson.zamora\AppData\Local\Programs\Microsoft VS Code\bin;C:\Users\nelson.zamora\AppData\Local\Programs\Git\cmd;C:\Users\nelson.zamora\AppData\Roaming\npm;C:\Program Files\JetBrains\IntelliJ IDEA Community Edition 2022.2.3\bin;C:\Users\nelson.zamora\AppData\Local\GitHubDesktop\bin
USERNAME=nelson.zamora
OS=Windows_NT
PROCESSOR_IDENTIFIER=Intel64 Family 6 Model 140 Stepping 1, GenuineIntel



---------------  S Y S T E M  ---------------

OS: Windows 10 , 64 bit Build 19041 (10.0.19041.2364)
Hyper-V role detected

CPU:total 8 (initial active 8) (4 cores per cpu, 2 threads per core) family 6 model 140 stepping 1 microcode 0x78, cmov, cx8, fxsr, mmx, sse, sse2, sse3, ssse3, sse4.1, sse4.2, popcnt, avx, avx2, aes, clmul, erms, 3dnowpref, lzcnt, ht, tsc, tscinvbit, bmi1, bmi2, adx, evex, sha, fma

Memory: 4k page, system-wide physical 16051M (2745M free)
TotalPageFile size 24243M (AvailPageFile size 51M)
current process WorkingSet (physical memory assigned to process): 319M, peak: 319M
current process commit charge ("private bytes"): 444M, peak: 495M

vm_info: Java HotSpot(TM) 64-Bit Server VM (11.0.12+8-LTS-237) for windows-amd64 JRE (11.0.12+8-LTS-237), built on Jun  8 2021 11:25:59 by "mach5one" with MS VC++ 15.9 (VS2017)

END.
